<?xml version="1.0" encoding="UTF-8"?>
<!-- Generated by org.testng.reporters.JUnitReportReporter -->
<testsuite skipped="0" hostname="ATMECSINLT-407" name="com.atmecs.excelphp.testscript.ChatClass" tests="1" failures="0" timestamp="2020-10-09T13:49:42 IST" time="37.488" errors="0">
  <testcase name="startChat" time="37.488" classname="com.atmecs.excelphp.testscript.ChatClass"/>
</testsuite> <!-- com.atmecs.excelphp.testscript.ChatClass -->
